<?xml version='1.0' encoding='UTF-8'?>
<testsuite hostname="Jaryds-MBP.America" name="edu.colorado.csci3155.project1.StackMachineTest" tests="5" errors="0" failures="0" skipped="0" time="0.022" timestamp="2021-09-27T12:17:14">
          <properties>
[...]
</properties>
          <testcase classname="edu.colorado.csci3155.project1.StackMachineTest" name="stack machine test 1" time="0.017">
                      
                    </testcase><testcase classname="edu.colorado.csci3155.project1.StackMachineTest" name="stack machine test 2" time="0.003">
                      
                    </testcase><testcase classname="edu.colorado.csci3155.project1.StackMachineTest" name="stack machine test 3" time="0.001">
                      
                    </testcase><testcase classname="edu.colorado.csci3155.project1.StackMachineTest" name="stack machine test 4" time="0.001">
                      
                    </testcase><testcase classname="edu.colorado.csci3155.project1.StackMachineTest" name="stack machine test 5" time="0.0">
                      
                    </testcase>
          <system-out><![CDATA[]]></system-out>
          <system-err><![CDATA[]]></system-err>
        </testsuite>